TN:
SF:src/controllers/accountController.ts
FN:13,(anonymous_7)
FN:13,(anonymous_8)
FN:62,(anonymous_9)
FN:62,(anonymous_10)
FN:97,(anonymous_11)
FN:97,(anonymous_12)
FN:137,(anonymous_13)
FN:137,(anonymous_14)
FN:196,(anonymous_15)
FN:196,(anonymous_16)
FN:259,(anonymous_17)
FN:259,(anonymous_18)
FNF:12
FNH:0
FNDA:0,(anonymous_7)
FNDA:0,(anonymous_8)
FNDA:0,(anonymous_9)
FNDA:0,(anonymous_10)
FNDA:0,(anonymous_11)
FNDA:0,(anonymous_12)
FNDA:0,(anonymous_13)
FNDA:0,(anonymous_14)
FNDA:0,(anonymous_15)
FNDA:0,(anonymous_16)
FNDA:0,(anonymous_17)
FNDA:0,(anonymous_18)
DA:3,0
DA:4,0
DA:5,0
DA:13,0
DA:14,0
DA:15,0
DA:16,0
DA:18,0
DA:19,0
DA:20,0
DA:23,0
DA:24,0
DA:25,0
DA:28,0
DA:30,0
DA:33,0
DA:43,0
DA:51,0
DA:53,0
DA:54,0
DA:56,0
DA:62,0
DA:63,0
DA:64,0
DA:65,0
DA:66,0
DA:67,0
DA:70,0
DA:72,0
DA:88,0
DA:91,0
DA:92,0
DA:97,0
DA:98,0
DA:99,0
DA:100,0
DA:102,0
DA:103,0
DA:104,0
DA:106,0
DA:107,0
DA:108,0
DA:111,0
DA:113,0
DA:121,0
DA:123,0
DA:124,0
DA:128,0
DA:131,0
DA:132,0
DA:137,0
DA:138,0
DA:139,0
DA:140,0
DA:142,0
DA:143,0
DA:144,0
DA:146,0
DA:147,0
DA:148,0
DA:151,0
DA:153,0
DA:161,0
DA:162,0
DA:163,0
DA:167,0
DA:170,0
DA:173,0
DA:182,0
DA:185,0
DA:186,0
DA:187,0
DA:188,0
DA:190,0
DA:196,0
DA:197,0
DA:198,0
DA:199,0
DA:201,0
DA:202,0
DA:203,0
DA:205,0
DA:206,0
DA:207,0
DA:210,0
DA:212,0
DA:220,0
DA:221,0
DA:222,0
DA:226,0
DA:229,0
DA:236,0
DA:239,0
DA:245,0
DA:248,0
DA:249,0
DA:250,0
DA:251,0
DA:253,0
DA:259,0
DA:260,0
DA:262,0
DA:263,0
DA:264,0
DA:268,0
DA:269,0
DA:270,0
DA:273,0
DA:275,0
DA:278,0
DA:281,0
DA:292,0
DA:294,0
DA:295,0
DA:296,0
DA:297,0
DA:298,0
DA:299,0
DA:301,0
LF:119
LH:0
BRDA:14,0,0,0
BRDA:14,0,1,0
BRDA:14,1,0,0
BRDA:14,1,1,0
BRDA:18,2,0,0
BRDA:23,3,0,0
BRDA:23,4,0,0
BRDA:23,4,1,0
BRDA:23,4,2,0
BRDA:53,5,0,0
BRDA:53,5,1,0
BRDA:53,6,0,0
BRDA:53,6,1,0
BRDA:63,7,0,0
BRDA:63,7,1,0
BRDA:63,8,0,0
BRDA:63,8,1,0
BRDA:65,9,0,0
BRDA:98,10,0,0
BRDA:98,10,1,0
BRDA:98,11,0,0
BRDA:98,11,1,0
BRDA:102,12,0,0
BRDA:106,13,0,0
BRDA:121,14,0,0
BRDA:138,15,0,0
BRDA:138,15,1,0
BRDA:138,16,0,0
BRDA:138,16,1,0
BRDA:142,17,0,0
BRDA:146,18,0,0
BRDA:161,19,0,0
BRDA:185,20,0,0
BRDA:185,20,1,0
BRDA:185,21,0,0
BRDA:185,21,1,0
BRDA:187,22,0,0
BRDA:187,22,1,0
BRDA:187,23,0,0
BRDA:187,23,1,0
BRDA:197,24,0,0
BRDA:197,24,1,0
BRDA:197,25,0,0
BRDA:197,25,1,0
BRDA:201,26,0,0
BRDA:205,27,0,0
BRDA:220,28,0,0
BRDA:248,29,0,0
BRDA:248,29,1,0
BRDA:248,30,0,0
BRDA:248,30,1,0
BRDA:250,31,0,0
BRDA:250,31,1,0
BRDA:250,32,0,0
BRDA:250,32,1,0
BRDA:260,33,0,0
BRDA:260,33,1,0
BRDA:260,34,0,0
BRDA:260,34,1,0
BRDA:262,35,0,0
BRDA:268,36,0,0
BRDA:294,37,0,0
BRDA:294,37,1,0
BRDA:294,38,0,0
BRDA:294,38,1,0
BRDA:296,39,0,0
BRDA:296,39,1,0
BRDA:296,40,0,0
BRDA:296,40,1,0
BRDA:298,41,0,0
BRDA:298,41,1,0
BRDA:298,42,0,0
BRDA:298,42,1,0
BRF:73
BRH:0
end_of_record
TN:
SF:src/controllers/adminController.ts
FN:8,(anonymous_7)
FN:8,(anonymous_8)
FNF:2
FNH:0
FNDA:0,(anonymous_7)
FNDA:0,(anonymous_8)
DA:8,0
DA:9,0
DA:10,0
DA:12,0
DA:13,0
DA:14,0
DA:17,0
DA:20,0
DA:27,0
DA:29,0
DA:30,0
DA:34,0
DA:37,0
DA:38,0
LF:14
LH:0
BRDA:12,0,0,0
BRDA:27,1,0,0
BRF:2
BRH:0
end_of_record
TN:
SF:src/controllers/authController.ts
FN:33,(anonymous_8)
FN:39,(anonymous_9)
FN:44,(anonymous_10)
FN:44,(anonymous_11)
FN:119,(anonymous_12)
FN:119,(anonymous_13)
FN:188,(anonymous_14)
FN:188,(anonymous_15)
FN:232,(anonymous_16)
FN:232,(anonymous_17)
FN:274,(anonymous_18)
FN:274,(anonymous_19)
FN:328,(anonymous_20)
FN:328,(anonymous_21)
FN:379,(anonymous_22)
FN:379,(anonymous_23)
FN:480,(anonymous_24)
FN:480,(anonymous_25)
FN:539,(anonymous_26)
FN:539,(anonymous_27)
FN:575,(anonymous_28)
FN:575,(anonymous_29)
FN:619,(anonymous_30)
FN:619,(anonymous_31)
FNF:24
FNH:0
FNDA:0,(anonymous_8)
FNDA:0,(anonymous_9)
FNDA:0,(anonymous_10)
FNDA:0,(anonymous_11)
FNDA:0,(anonymous_12)
FNDA:0,(anonymous_13)
FNDA:0,(anonymous_14)
FNDA:0,(anonymous_15)
FNDA:0,(anonymous_16)
FNDA:0,(anonymous_17)
FNDA:0,(anonymous_18)
FNDA:0,(anonymous_19)
FNDA:0,(anonymous_20)
FNDA:0,(anonymous_21)
FNDA:0,(anonymous_22)
FNDA:0,(anonymous_23)
FNDA:0,(anonymous_24)
FNDA:0,(anonymous_25)
FNDA:0,(anonymous_26)
FNDA:0,(anonymous_27)
FNDA:0,(anonymous_28)
FNDA:0,(anonymous_29)
FNDA:0,(anonymous_30)
FNDA:0,(anonymous_31)
DA:3,0
DA:5,0
DA:16,0
DA:18,0
DA:21,0
DA:22,0
DA:23,0
DA:24,0
DA:33,0
DA:34,0
DA:35,0
DA:39,0
DA:40,0
DA:44,0
DA:45,0
DA:46,0
DA:47,0
DA:50,0
DA:51,0
DA:52,0
DA:56,0
DA:57,0
DA:58,0
DA:59,0
DA:62,0
DA:64,0
DA:68,0
DA:69,0
DA:70,0
DA:74,0
DA:77,0
DA:80,0
DA:91,0
DA:92,0
DA:94,0
DA:99,0
DA:108,0
DA:109,0
DA:110,0
DA:112,0
DA:114,0
DA:119,0
DA:120,0
DA:121,0
DA:124,0
DA:125,0
DA:126,0
DA:129,0
DA:131,0
DA:135,0
DA:136,0
DA:137,0
DA:141,0
DA:143,0
DA:144,0
DA:145,0
DA:149,0
DA:152,0
DA:153,0
DA:156,0
DA:163,0
DA:177,0
DA:178,0
DA:179,0
DA:181,0
DA:183,0
DA:188,0
DA:189,0
DA:191,0
DA:193,0
DA:194,0
DA:197,0
DA:198,0
DA:199,0
DA:212,0
DA:214,0
DA:215,0
DA:218,0
DA:221,0
DA:222,0
DA:223,0
DA:225,0
DA:227,0
DA:232,0
DA:233,0
DA:234,0
DA:236,0
DA:237,0
DA:238,0
DA:241,0
DA:243,0
DA:247,0
DA:248,0
DA:249,0
DA:253,0
DA:261,0
DA:263,0
DA:264,0
DA:265,0
DA:267,0
DA:269,0
DA:274,0
DA:275,0
DA:276,0
DA:278,0
DA:279,0
DA:280,0
DA:283,0
DA:285,0
DA:290,0
DA:291,0
DA:292,0
DA:296,0
DA:299,0
DA:308,0
DA:309,0
DA:311,0
DA:315,0
DA:317,0
DA:318,0
DA:319,0
DA:321,0
DA:323,0
DA:328,0
DA:329,0
DA:330,0
DA:332,0
DA:333,0
DA:334,0
DA:337,0
DA:339,0
DA:348,0
DA:349,0
DA:350,0
DA:354,0
DA:357,0
DA:366,0
DA:368,0
DA:369,0
DA:370,0
DA:372,0
DA:374,0
DA:379,0
DA:380,0
DA:381,0
DA:382,0
DA:384,0
DA:385,0
DA:386,0
DA:390,0
DA:391,0
DA:392,0
DA:393,0
DA:394,0
DA:398,0
DA:400,0
DA:404,0
DA:405,0
DA:406,0
DA:410,0
DA:412,0
DA:413,0
DA:417,0
DA:419,0
DA:423,0
DA:424,0
DA:425,0
DA:429,0
DA:431,0
DA:432,0
DA:433,0
DA:436,0
DA:437,0
DA:439,0
DA:445,0
DA:446,0
DA:447,0
DA:451,0
DA:464,0
DA:469,0
DA:470,0
DA:471,0
DA:473,0
DA:475,0
DA:480,0
DA:481,0
DA:482,0
DA:484,0
DA:485,0
DA:486,0
DA:489,0
DA:491,0
DA:495,0
DA:496,0
DA:497,0
DA:501,0
DA:502,0
DA:503,0
DA:507,0
DA:510,0
DA:518,0
DA:519,0
DA:521,0
DA:522,0
DA:523,0
DA:526,0
DA:528,0
DA:529,0
DA:530,0
DA:532,0
DA:534,0
DA:539,0
DA:540,0
DA:542,0
DA:543,0
DA:544,0
DA:547,0
DA:549,0
DA:551,0
DA:552,0
DA:553,0
DA:557,0
DA:564,0
DA:565,0
DA:566,0
DA:568,0
DA:570,0
DA:575,0
DA:576,0
DA:577,0
DA:579,0
DA:580,0
DA:581,0
DA:584,0
DA:585,0
DA:586,0
DA:589,0
DA:591,0
DA:593,0
DA:594,0
DA:595,0
DA:599,0
DA:601,0
DA:602,0
DA:603,0
DA:606,0
DA:608,0
DA:609,0
DA:610,0
DA:612,0
DA:614,0
DA:619,0
DA:620,0
DA:622,0
DA:623,0
DA:624,0
DA:627,0
DA:629,0
DA:631,0
DA:636,0
DA:637,0
DA:638,0
DA:640,0
DA:642,0
LF:264
LH:0
BRDA:22,0,0,0
BRDA:34,1,0,0
BRDA:34,1,1,0
BRDA:40,2,0,0
BRDA:40,2,1,0
BRDA:40,2,2,0
BRDA:50,3,0,0
BRDA:50,4,0,0
BRDA:50,4,1,0
BRDA:57,5,0,0
BRDA:68,6,0,0
BRDA:84,7,0,0
BRDA:84,7,1,0
BRDA:109,8,0,0
BRDA:109,8,1,0
BRDA:124,9,0,0
BRDA:124,10,0,0
BRDA:124,10,1,0
BRDA:135,11,0,0
BRDA:143,12,0,0
BRDA:178,13,0,0
BRDA:178,13,1,0
BRDA:189,14,0,0
BRDA:189,14,1,0
BRDA:189,15,0,0
BRDA:189,15,1,0
BRDA:191,16,0,0
BRDA:212,17,0,0
BRDA:222,18,0,0
BRDA:222,18,1,0
BRDA:236,19,0,0
BRDA:247,20,0,0
BRDA:264,21,0,0
BRDA:264,21,1,0
BRDA:278,22,0,0
BRDA:290,23,0,0
BRDA:318,24,0,0
BRDA:318,24,1,0
BRDA:332,25,0,0
BRDA:332,26,0,0
BRDA:332,26,1,0
BRDA:348,27,0,0
BRDA:369,28,0,0
BRDA:369,28,1,0
BRDA:380,29,0,0
BRDA:380,29,1,0
BRDA:380,30,0,0
BRDA:380,30,1,0
BRDA:384,31,0,0
BRDA:390,32,0,0
BRDA:392,33,0,0
BRDA:404,34,0,0
BRDA:412,35,0,0
BRDA:417,36,0,0
BRDA:417,37,0,0
BRDA:417,37,1,0
BRDA:423,38,0,0
BRDA:445,39,0,0
BRDA:470,40,0,0
BRDA:470,40,1,0
BRDA:481,41,0,0
BRDA:481,41,1,0
BRDA:481,42,0,0
BRDA:481,42,1,0
BRDA:484,43,0,0
BRDA:495,44,0,0
BRDA:501,45,0,0
BRDA:529,46,0,0
BRDA:529,46,1,0
BRDA:542,47,0,0
BRDA:551,48,0,0
BRDA:565,49,0,0
BRDA:565,49,1,0
BRDA:576,50,0,0
BRDA:576,50,1,0
BRDA:576,51,0,0
BRDA:576,51,1,0
BRDA:579,52,0,0
BRDA:584,53,0,0
BRDA:593,54,0,0
BRDA:593,55,0,0
BRDA:593,55,1,0
BRDA:601,56,0,0
BRDA:609,57,0,0
BRDA:609,57,1,0
BRDA:620,58,0,0
BRDA:620,58,1,0
BRDA:620,59,0,0
BRDA:620,59,1,0
BRDA:622,60,0,0
BRDA:637,61,0,0
BRDA:637,61,1,0
BRF:92
BRH:0
end_of_record
TN:
SF:src/controllers/deviceController.ts
FN:10,(anonymous_7)
FN:10,(anonymous_8)
FN:90,(anonymous_9)
FN:90,(anonymous_10)
FN:127,(anonymous_11)
FN:127,(anonymous_12)
FN:201,(anonymous_13)
FN:201,(anonymous_14)
FN:247,(anonymous_15)
FN:247,(anonymous_16)
FNF:10
FNH:0
FNDA:0,(anonymous_7)
FNDA:0,(anonymous_8)
FNDA:0,(anonymous_9)
FNDA:0,(anonymous_10)
FNDA:0,(anonymous_11)
FNDA:0,(anonymous_12)
FNDA:0,(anonymous_13)
FNDA:0,(anonymous_14)
FNDA:0,(anonymous_15)
FNDA:0,(anonymous_16)
DA:10,0
DA:11,0
DA:12,0
DA:13,0
DA:15,0
DA:16,0
DA:17,0
DA:20,0
DA:21,0
DA:22,0
DA:26,0
DA:27,0
DA:28,0
DA:29,0
DA:32,0
DA:34,0
DA:43,0
DA:46,0
DA:56,0
DA:60,0
DA:70,0
DA:79,0
DA:80,0
DA:81,0
DA:83,0
DA:85,0
DA:90,0
DA:91,0
DA:92,0
DA:94,0
DA:95,0
DA:96,0
DA:99,0
DA:101,0
DA:118,0
DA:121,0
DA:122,0
DA:127,0
DA:128,0
DA:129,0
DA:130,0
DA:131,0
DA:133,0
DA:134,0
DA:135,0
DA:138,0
DA:139,0
DA:140,0
DA:144,0
DA:145,0
DA:146,0
DA:150,0
DA:151,0
DA:152,0
DA:153,0
DA:154,0
DA:158,0
DA:160,0
DA:167,0
DA:168,0
DA:169,0
DA:173,0
DA:185,0
DA:195,0
DA:196,0
DA:201,0
DA:202,0
DA:203,0
DA:204,0
DA:206,0
DA:207,0
DA:208,0
DA:211,0
DA:212,0
DA:213,0
DA:216,0
DA:218,0
DA:225,0
DA:226,0
DA:227,0
DA:231,0
DA:238,0
DA:241,0
DA:242,0
DA:247,0
DA:248,0
DA:249,0
DA:250,0
DA:251,0
DA:253,0
DA:254,0
DA:255,0
DA:258,0
DA:259,0
DA:260,0
DA:263,0
DA:264,0
DA:265,0
DA:273,0
DA:274,0
DA:275,0
DA:276,0
DA:279,0
DA:281,0
DA:288,0
DA:289,0
DA:290,0
DA:295,0
DA:305,0
DA:315,0
DA:316,0
LF:111
LH:0
BRDA:12,0,0,0
BRDA:12,0,1,0
BRDA:12,1,0,0
BRDA:12,1,1,0
BRDA:15,2,0,0
BRDA:20,3,0,0
BRDA:20,4,0,0
BRDA:20,4,1,0
BRDA:20,4,2,0
BRDA:27,5,0,0
BRDA:43,6,0,0
BRDA:80,7,0,0
BRDA:80,7,1,0
BRDA:91,8,0,0
BRDA:91,8,1,0
BRDA:91,9,0,0
BRDA:91,9,1,0
BRDA:94,10,0,0
BRDA:130,11,0,0
BRDA:130,11,1,0
BRDA:130,12,0,0
BRDA:130,12,1,0
BRDA:133,13,0,0
BRDA:138,14,0,0
BRDA:144,15,0,0
BRDA:144,16,0,0
BRDA:144,16,1,0
BRDA:150,17,0,0
BRDA:152,18,0,0
BRDA:167,19,0,0
BRDA:178,20,0,0
BRDA:178,20,1,0
BRDA:179,21,0,0
BRDA:179,21,1,0
BRDA:203,22,0,0
BRDA:203,22,1,0
BRDA:203,23,0,0
BRDA:203,23,1,0
BRDA:206,24,0,0
BRDA:211,25,0,0
BRDA:225,26,0,0
BRDA:250,27,0,0
BRDA:250,27,1,0
BRDA:250,28,0,0
BRDA:250,28,1,0
BRDA:253,29,0,0
BRDA:258,30,0,0
BRDA:263,31,0,0
BRDA:274,32,0,0
BRDA:288,33,0,0
BRF:50
BRH:0
end_of_record
TN:
SF:src/middleware/adminMiddleware.ts
FN:11,(anonymous_7)
FN:11,(anonymous_8)
FNF:2
FNH:0
FNDA:0,(anonymous_7)
FNDA:0,(anonymous_8)
DA:2,0
DA:4,0
DA:11,0
DA:12,0
DA:14,0
DA:16,0
DA:17,0
DA:20,0
DA:21,0
DA:26,0
DA:27,0
DA:28,0
DA:32,0
DA:35,0
DA:36,0
LF:15
LH:0
BRDA:12,0,0,0
BRDA:12,0,1,0
BRDA:12,1,0,0
BRDA:12,1,1,0
BRDA:14,2,0,0
BRDA:26,3,0,0
BRDA:26,4,0,0
BRDA:26,4,1,0
BRF:8
BRH:0
end_of_record
TN:
SF:src/middleware/authMiddleware.ts
FN:15,(anonymous_1)
FN:28,(anonymous_2)
FNF:2
FNH:0
FNDA:0,(anonymous_1)
FNDA:0,(anonymous_2)
DA:2,0
DA:4,0
DA:15,0
DA:16,0
DA:17,0
DA:19,0
DA:20,0
DA:25,0
DA:28,0
DA:29,0
DA:30,0
DA:33,0
DA:34,0
DA:39,0
DA:40,0
DA:46,0
DA:52,0
DA:56,0
DA:57,0
LF:19
LH:0
BRDA:4,0,0,0
BRDA:4,0,1,0
BRDA:17,1,0,0
BRDA:17,1,1,0
BRDA:19,2,0,0
BRDA:29,3,0,0
BRDA:33,4,0,0
BRDA:33,4,1,0
BRDA:39,5,0,0
BRDA:39,5,1,0
BRF:10
BRH:0
end_of_record
TN:
SF:src/middleware/errorMiddleware.ts
FN:27,(anonymous_0)
FN:69,(anonymous_1)
FN:123,(anonymous_2)
FN:139,(anonymous_3)
FN:139,(anonymous_4)
FNF:5
FNH:0
FNDA:0,(anonymous_0)
FNDA:0,(anonymous_1)
FNDA:0,(anonymous_2)
FNDA:0,(anonymous_3)
FNDA:0,(anonymous_4)
DA:10,0
DA:27,0
DA:28,0
DA:31,0
DA:42,0
DA:43,0
DA:53,0
DA:54,0
DA:61,0
DA:69,0
DA:76,0
DA:79,0
DA:82,0
DA:83,0
DA:84,0
DA:85,0
DA:88,0
DA:89,0
DA:90,0
DA:91,0
DA:94,0
DA:95,0
DA:99,0
DA:100,0
DA:101,0
DA:106,0
DA:117,0
DA:123,0
DA:124,0
DA:132,0
DA:139,0
DA:144,0
LF:32
LH:0
BRDA:33,0,0,0
BRDA:33,0,1,0
BRDA:42,1,0,0
BRDA:42,1,1,0
BRDA:53,2,0,0
BRDA:53,2,1,0
BRDA:88,3,0,0
BRDA:88,3,1,0
BRDA:94,4,0,0
BRDA:94,5,0,0
BRDA:94,5,1,0
BRDA:99,6,0,0
BRDA:111,7,0,0
BRDA:111,7,1,0
BRDA:112,8,0,0
BRDA:112,8,1,0
BRF:16
BRH:0
end_of_record
TN:
SF:src/middleware/rateLimitMiddleware.ts
FN:20,(anonymous_1)
FNF:1
FNH:0
FNDA:0,(anonymous_1)
DA:9,0
DA:11,0
DA:14,0
DA:21,0
DA:29,0
DA:39,0
DA:50,0
DA:61,0
DA:72,0
LF:9
LH:0
BRF:0
BRH:0
end_of_record
TN:
SF:src/middleware/validationMiddleware.ts
FN:22,(anonymous_7)
FN:23,(anonymous_8)
FN:23,(anonymous_9)
FN:25,(anonymous_10)
FN:35,(anonymous_11)
FNF:5
FNH:0
FNDA:0,(anonymous_7)
FNDA:0,(anonymous_8)
FNDA:0,(anonymous_9)
FNDA:0,(anonymous_10)
FNDA:0,(anonymous_11)
DA:10,0
DA:11,0
DA:14,0
DA:22,0
DA:23,0
DA:25,0
DA:28,0
DA:30,0
DA:31,0
DA:35,0
DA:42,0
LF:11
LH:0
BRDA:30,0,0,0
BRF:1
BRH:0
end_of_record
TN:
SF:src/routes/accounts.ts
FNF:0
FNH:0
DA:1,0
DA:2,0
DA:3,0
DA:4,0
DA:13,0
DA:17,0
DA:20,0
DA:25,0
DA:28,0
DA:31,0
DA:35,0
DA:38,0
DA:41,0
DA:43,0
LF:14
LH:0
BRF:0
BRH:0
end_of_record
TN:
SF:src/routes/admin.ts
FNF:0
FNH:0
DA:1,0
DA:2,0
DA:3,0
DA:4,0
DA:6,0
DA:11,0
DA:12,0
DA:17,0
DA:21,0
LF:9
LH:0
BRF:0
BRH:0
end_of_record
TN:
SF:src/routes/auth.ts
FNF:0
FNH:0
DA:1,0
DA:2,0
DA:15,0
DA:16,0
DA:22,0
DA:25,0
DA:26,0
DA:27,0
DA:28,0
DA:29,0
DA:30,0
DA:33,0
DA:34,0
DA:35,0
DA:36,0
DA:37,0
DA:38,0
DA:41,0
DA:42,0
DA:43,0
DA:44,0
DA:45,0
DA:48,0
DA:49,0
DA:50,0
DA:51,0
DA:52,0
DA:54,0
LF:28
LH:0
BRF:0
BRH:0
end_of_record
TN:
SF:src/routes/devices.ts
FNF:0
FNH:0
DA:1,0
DA:2,0
DA:3,0
DA:11,0
DA:14,0
DA:17,0
DA:20,0
DA:23,0
DA:26,0
DA:29,0
DA:31,0
LF:11
LH:0
BRF:0
BRH:0
end_of_record
TN:
SF:src/utils/emailService.ts
FN:30,(anonymous_8)
FN:30,(anonymous_9)
FN:54,(anonymous_10)
FN:54,(anonymous_11)
FN:76,(anonymous_12)
FN:76,(anonymous_13)
FNF:6
FNH:0
FNDA:0,(anonymous_8)
FNDA:0,(anonymous_9)
FNDA:0,(anonymous_10)
FNDA:0,(anonymous_11)
FNDA:0,(anonymous_12)
FNDA:0,(anonymous_13)
DA:1,0
DA:5,0
DA:6,0
DA:7,0
DA:8,0
DA:9,0
DA:10,0
DA:13,0
DA:30,0
DA:31,0
DA:38,0
DA:39,0
DA:40,0
DA:41,0
DA:43,0
DA:44,0
DA:54,0
DA:55,0
DA:57,0
DA:67,0
DA:76,0
DA:77,0
DA:79,0
DA:89,0
LF:24
LH:0
BRDA:5,0,0,0
BRDA:5,0,1,0
BRDA:6,1,0,0
BRDA:6,1,1,0
BRDA:7,2,0,0
BRDA:7,2,1,0
BRDA:8,3,0,0
BRDA:8,3,1,0
BRDA:9,4,0,0
BRDA:9,4,1,0
BRDA:10,5,0,0
BRDA:10,5,1,0
BRF:12
BRH:0
end_of_record
TN:
SF:src/utils/encryption.ts
FN:18,(anonymous_1)
FN:34,(anonymous_2)
FNF:2
FNH:2
FNDA:5,(anonymous_1)
FNDA:4,(anonymous_2)
DA:1,1
DA:5,1
DA:6,1
DA:7,1
DA:8,1
DA:10,1
DA:11,0
DA:15,0
DA:18,1
DA:19,5
DA:20,4
DA:21,4
DA:22,4
DA:23,4
DA:24,4
DA:26,4
DA:28,0
DA:30,0
DA:34,1
DA:35,4
DA:36,3
DA:37,3
DA:39,3
DA:40,3
DA:41,3
DA:43,3
DA:44,2
DA:45,2
DA:46,2
DA:48,1
DA:52,1
LF:31
LH:27
BRDA:5,0,0,1
BRDA:5,0,1,0
BRDA:10,1,0,0
BRDA:10,2,0,1
BRDA:10,2,1,1
BRDA:19,3,0,1
BRDA:35,4,0,1
BRF:7
BRH:5
end_of_record
TN:
SF:src/utils/errors.ts
FN:17,(anonymous_0)
FN:43,(anonymous_1)
FN:52,(anonymous_2)
FN:61,(anonymous_3)
FN:70,(anonymous_4)
FN:79,(anonymous_5)
FN:88,(anonymous_6)
FN:97,(anonymous_7)
FN:106,(anonymous_8)
FN:116,(anonymous_9)
FN:124,(anonymous_10)
FNF:11
FNH:0
FNDA:0,(anonymous_0)
FNDA:0,(anonymous_1)
FNDA:0,(anonymous_2)
FNDA:0,(anonymous_3)
FNDA:0,(anonymous_4)
FNDA:0,(anonymous_5)
FNDA:0,(anonymous_6)
FNDA:0,(anonymous_7)
FNDA:0,(anonymous_8)
FNDA:0,(anonymous_9)
FNDA:0,(anonymous_10)
DA:11,0
DA:24,0
DA:25,0
DA:26,0
DA:27,0
DA:28,0
DA:31,0
DA:32,0
DA:35,0
DA:42,0
DA:44,0
DA:51,0
DA:53,0
DA:60,0
DA:62,0
DA:69,0
DA:71,0
DA:78,0
DA:80,0
DA:87,0
DA:89,0
DA:96,0
DA:98,0
DA:105,0
DA:108,0
DA:115,0
DA:117,0
DA:124,0
DA:125,0
LF:29
LH:0
BRDA:20,0,0,0
BRDA:31,1,0,0
BRDA:43,2,0,0
BRDA:52,3,0,0
BRDA:61,4,0,0
BRDA:70,5,0,0
BRDA:79,6,0,0
BRDA:88,7,0,0
BRDA:97,8,0,0
BRDA:106,9,0,0
BRDA:116,10,0,0
BRF:11
BRH:0
end_of_record
TN:
SF:src/utils/qrCodeHandler.ts
FN:17,(anonymous_8)
FN:24,(anonymous_9)
FN:51,(anonymous_10)
FN:51,(anonymous_11)
FN:98,(anonymous_12)
FN:168,(anonymous_13)
FNF:6
FNH:0
FNDA:0,(anonymous_8)
FNDA:0,(anonymous_9)
FNDA:0,(anonymous_10)
FNDA:0,(anonymous_11)
FNDA:0,(anonymous_12)
FNDA:0,(anonymous_13)
DA:1,0
DA:2,0
DA:3,0
DA:17,0
DA:24,0
DA:26,0
DA:27,0
DA:28,0
DA:30,0
DA:32,0
DA:38,0
DA:40,0
DA:41,0
DA:51,0
DA:52,0
DA:54,0
DA:59,0
DA:62,0
DA:63,0
DA:64,0
DA:67,0
DA:70,0
DA:76,0
DA:77,0
DA:81,0
DA:82,0
DA:85,0
DA:87,0
DA:88,0
DA:98,0
DA:107,0
DA:109,0
DA:110,0
DA:114,0
DA:117,0
DA:120,0
DA:121,0
DA:125,0
DA:128,0
DA:129,0
DA:131,0
DA:132,0
DA:136,0
DA:138,0
DA:139,0
DA:143,0
DA:144,0
DA:145,0
DA:147,0
DA:157,0
DA:158,0
DA:168,0
DA:177,0
DA:179,0
DA:182,0
DA:185,0
DA:186,0
DA:190,0
DA:191,0
DA:194,0
DA:195,0
DA:198,0
DA:199,0
DA:202,0
DA:204,0
DA:205,0
LF:66
LH:0
BRDA:19,0,0,0
BRDA:26,1,0,0
BRDA:26,1,1,0
BRDA:27,2,0,0
BRDA:27,2,1,0
BRDA:28,3,0,0
BRDA:28,3,1,0
BRDA:54,4,0,0
BRDA:54,4,1,0
BRDA:76,5,0,0
BRDA:81,6,0,0
BRDA:88,7,0,0
BRDA:88,7,1,0
BRDA:109,8,0,0
BRDA:120,9,0,0
BRDA:131,10,0,0
BRDA:136,11,0,0
BRDA:136,11,1,0
BRDA:138,12,0,0
BRDA:138,13,0,0
BRDA:138,13,1,0
BRDA:143,14,0,0
BRDA:143,14,1,0
BRDA:144,15,0,0
BRDA:144,15,1,0
BRDA:145,16,0,0
BRDA:145,16,1,0
BRDA:158,17,0,0
BRDA:158,17,1,0
BRDA:179,18,0,0
BRDA:179,18,1,0
BRDA:185,19,0,0
BRDA:190,20,0,0
BRDA:194,21,0,0
BRDA:198,22,0,0
BRDA:205,23,0,0
BRDA:205,23,1,0
BRF:37
BRH:0
end_of_record
TN:
SF:src/utils/tokenService.ts
FN:32,(anonymous_8)
FN:40,(anonymous_9)
FN:52,(anonymous_10)
FN:61,(anonymous_11)
FN:71,(anonymous_12)
FN:83,(anonymous_13)
FN:87,(anonymous_14)
FN:114,(anonymous_15)
FN:114,(anonymous_16)
FN:142,(anonymous_17)
FN:144,(anonymous_18)
FN:183,(anonymous_19)
FN:183,(anonymous_20)
FN:207,(anonymous_21)
FN:207,(anonymous_22)
FN:228,(anonymous_23)
FN:228,(anonymous_24)
FN:243,(anonymous_25)
FN:243,(anonymous_26)
FNF:19
FNH:0
FNDA:0,(anonymous_8)
FNDA:0,(anonymous_9)
FNDA:0,(anonymous_10)
FNDA:0,(anonymous_11)
FNDA:0,(anonymous_12)
FNDA:0,(anonymous_13)
FNDA:0,(anonymous_14)
FNDA:0,(anonymous_15)
FNDA:0,(anonymous_16)
FNDA:0,(anonymous_17)
FNDA:0,(anonymous_18)
FNDA:0,(anonymous_19)
FNDA:0,(anonymous_20)
FNDA:0,(anonymous_21)
FNDA:0,(anonymous_22)
FNDA:0,(anonymous_23)
FNDA:0,(anonymous_24)
FNDA:0,(anonymous_25)
FNDA:0,(anonymous_26)
DA:1,0
DA:2,0
DA:3,0
DA:6,0
DA:7,0
DA:8,0
DA:11,0
DA:32,0
DA:33,0
DA:40,0
DA:41,0
DA:43,0
DA:45,0
DA:52,0
DA:53,0
DA:61,0
DA:62,0
DA:71,0
DA:72,0
DA:73,0
DA:83,0
DA:87,0
DA:89,0
DA:92,0
DA:95,0
DA:98,0
DA:106,0
DA:114,0
DA:116,0
DA:119,0
DA:123,0
DA:124,0
DA:127,0
DA:130,0
DA:131,0
DA:134,0
DA:142,0
DA:144,0
DA:146,0
DA:148,0
DA:149,0
DA:153,0
DA:157,0
DA:158,0
DA:162,0
DA:165,0
DA:173,0
DA:175,0
DA:183,0
DA:185,0
DA:187,0
DA:189,0
DA:195,0
DA:197,0
DA:198,0
DA:207,0
DA:208,0
DA:210,0
DA:216,0
DA:218,0
DA:219,0
DA:228,0
DA:229,0
DA:231,0
DA:235,0
DA:243,0
DA:244,0
DA:246,0
DA:250,0
LF:69
LH:0
BRDA:6,0,0,0
BRDA:6,0,1,0
BRDA:32,1,0,0
BRDA:123,2,0,0
BRDA:130,3,0,0
BRDA:130,4,0,0
BRDA:130,4,1,0
BRDA:148,5,0,0
BRDA:157,6,0,0
BRDA:235,7,0,0
BRDA:235,7,1,0
BRDA:235,8,0,0
BRDA:235,8,1,0
BRDA:250,9,0,0
BRDA:250,9,1,0
BRDA:250,10,0,0
BRDA:250,10,1,0
BRF:17
BRH:0
end_of_record
TN:
SF:src/utils/totpGenerator.ts
FN:20,(anonymous_1)
FN:54,(anonymous_2)
FN:94,(anonymous_3)
FN:132,(anonymous_4)
FN:144,(anonymous_5)
FNF:5
FNH:0
FNDA:0,(anonymous_1)
FNDA:0,(anonymous_2)
FNDA:0,(anonymous_3)
FNDA:0,(anonymous_4)
FNDA:0,(anonymous_5)
DA:1,0
DA:9,0
DA:10,0
DA:11,0
DA:20,0
DA:30,0
DA:31,0
DA:32,0
DA:33,0
DA:36,0
DA:39,0
DA:42,0
DA:54,0
DA:61,0
DA:62,0
DA:63,0
DA:64,0
DA:68,0
DA:69,0
DA:70,0
DA:73,0
DA:76,0
DA:82,0
DA:85,0
DA:94,0
DA:96,0
DA:99,0
DA:101,0
DA:102,0
DA:103,0
DA:105,0
DA:106,0
DA:108,0
DA:109,0
DA:113,0
DA:114,0
DA:117,0
DA:118,0
DA:119,0
DA:123,0
DA:132,0
DA:133,0
DA:134,0
DA:144,0
DA:156,0
DA:158,0
LF:46
LH:0
BRDA:22,0,0,0
BRDA:30,1,0,0
BRDA:30,1,1,0
BRDA:31,2,0,0
BRDA:31,2,1,0
BRDA:32,3,0,0
BRDA:32,3,1,0
BRDA:33,4,0,0
BRDA:33,4,1,0
BRDA:108,5,0,0
BRDA:117,6,0,0
BRDA:132,7,0,0
BRDA:146,8,0,0
BRDA:156,9,0,0
BRDA:156,9,1,0
BRF:15
BRH:0
end_of_record
TN:
SF:src/utils/validationSchemas.ts
FNF:0
FNH:0
DA:9,0
DA:10,0
DA:17,0
DA:46,0
DA:62,0
DA:73,0
DA:95,0
DA:106,0
DA:127,0
DA:151,0
DA:162,0
DA:175,0
DA:199,0
LF:13
LH:0
BRF:0
BRH:0
end_of_record
